<?xml version="1.0" encoding="UTF-8"?>
<testng-results ignored="0" total="1" passed="1" failed="0" skipped="0">
  <reporter-output>
    <line>
      <![CDATA[post opertion was successful]]>
    </line>
    <line>
      <![CDATA[The name of the reprository which is scusscefully cetaed ApiWeekendprojects322484809]]>
    </line>
    <line>
      <![CDATA[patch opertion was successful]]>
    </line>
    <line>
      <![CDATA[delete opertion was successful]]>
    </line>
    <line>
      <![CDATA[we are closeing]]>
    </line>
  </reporter-output>
  <suite started-at="2021-07-24T10:43:44 IST" name="Default suite" finished-at="2021-07-24T10:43:55 IST" duration-ms="11097">
    <groups>
    </groups>
    <test started-at="2021-07-24T10:43:44 IST" name="Default test" finished-at="2021-07-24T10:43:55 IST" duration-ms="11097">
      <class name="com.TestYantra.GitHub.Scripts.PostOperation">
        <test-method is-config="true" signature="openApp()[pri:0, instance:com.TestYantra.GitHub.Scripts.PostOperation@757acd7b]" started-at="2021-07-24T10:43:44 IST" name="openApp" finished-at="2021-07-24T10:43:46 IST" duration-ms="1920" status="PASS">
          <reporter-output>
          </reporter-output>
        </test-method> <!-- openApp -->
        <test-method signature="tc2()[pri:0, instance:com.TestYantra.GitHub.Scripts.PostOperation@757acd7b]" started-at="2021-07-24T10:43:46 IST" name="tc2" finished-at="2021-07-24T10:43:55 IST" duration-ms="9096" status="PASS">
          <reporter-output>
            <line>
              <![CDATA[post opertion was successful]]>
            </line>
            <line>
              <![CDATA[The name of the reprository which is scusscefully cetaed ApiWeekendprojects322484809]]>
            </line>
            <line>
              <![CDATA[patch opertion was successful]]>
            </line>
            <line>
              <![CDATA[delete opertion was successful]]>
            </line>
          </reporter-output>
        </test-method> <!-- tc2 -->
        <test-method is-config="true" signature="closeApp()[pri:0, instance:com.TestYantra.GitHub.Scripts.PostOperation@757acd7b]" started-at="2021-07-24T10:43:55 IST" name="closeApp" finished-at="2021-07-24T10:43:55 IST" duration-ms="1" status="PASS">
          <reporter-output>
            <line>
              <![CDATA[we are closeing]]>
            </line>
          </reporter-output>
        </test-method> <!-- closeApp -->
      </class> <!-- com.TestYantra.GitHub.Scripts.PostOperation -->
    </test> <!-- Default test -->
  </suite> <!-- Default suite -->
</testng-results>
